VGG16.txt
---------------------Training [VGG16]---------------------
-----------------------------------------------------------------
Running time: 2022-04-12_23-42-31
name: celeba
train_file_path: ./data/trainset.txt
test_file_path: ./data/testset.txt
img_path: ./data/Img
model_name: VGG16
mode: reg
n_classes: 1000
gpus: 3,4,5
epochs: 50
batch_size: 64
instance: 4
lr: 0.01
momentum: 0.9
weight_decay: 0.0001
gamma: 0.2
adjust_epochs: [20, 35]
-----------------------------------------------------------------
Load 27018 images
Initializing data loader took 10s
Load 3009 images
Initializing data loader took 1s
