=> Using improved GAN: True
--------------------- Attack batch [0]------------------------------
Iteration:300	Prior Loss:6.48	Iden Loss:21.42	Attack Acc:0.00
Iteration:600	Prior Loss:6.60	Iden Loss:14.53	Attack Acc:0.00
Iteration:900	Prior Loss:6.44	Iden Loss:9.90	Attack Acc:0.00
Iteration:1200	Prior Loss:5.92	Iden Loss:6.04	Attack Acc:0.00
Iteration:1500	Prior Loss:6.63	Iden Loss:3.82	Attack Acc:0.00
Iteration:1800	Prior Loss:5.90	Iden Loss:1.96	Attack Acc:0.00
Iteration:2100	Prior Loss:5.91	Iden Loss:0.93	Attack Acc:0.00
Iteration:2400	Prior Loss:5.69	Iden Loss:0.49	Attack Acc:0.00
Time:277.57
Time:0.21	Seed:0	Acc:0.00	
Time:0.21	Seed:1	Acc:0.00	
Time:0.20	Seed:2	Acc:0.00	
Time:0.21	Seed:3	Acc:0.00	
Time:0.23	Seed:4	Acc:0.00	
Acc:0.00	Acc_5:0.00	Acc_var:0.0000	Acc_var5:0.0001
--------------------- Attack batch [1]------------------------------
Iteration:300	Prior Loss:5.63	Iden Loss:20.63	Attack Acc:0.00
Iteration:600	Prior Loss:6.66	Iden Loss:13.68	Attack Acc:0.00
Iteration:900	Prior Loss:6.73	Iden Loss:8.79	Attack Acc:0.00
Iteration:1200	Prior Loss:6.53	Iden Loss:5.11	Attack Acc:0.00
Iteration:1500	Prior Loss:7.06	Iden Loss:3.09	Attack Acc:0.00
Iteration:1800	Prior Loss:7.34	Iden Loss:1.52	Attack Acc:0.00
Iteration:2100	Prior Loss:6.73	Iden Loss:0.61	Attack Acc:0.02
Iteration:2400	Prior Loss:6.90	Iden Loss:0.44	Attack Acc:0.00
Time:273.21
Time:0.20	Seed:0	Acc:0.00	
Time:0.21	Seed:1	Acc:0.00	
Time:0.21	Seed:2	Acc:0.00	
Time:0.20	Seed:3	Acc:0.00	
Time:0.27	Seed:4	Acc:0.02	
Acc:0.00	Acc_5:0.01	Acc_var:0.0001	Acc_var5:0.0001
--------------------- Attack batch [2]------------------------------
Iteration:300	Prior Loss:6.30	Iden Loss:20.77	Attack Acc:0.02
Iteration:600	Prior Loss:6.46	Iden Loss:15.18	Attack Acc:0.00
Iteration:900	Prior Loss:5.84	Iden Loss:9.73	Attack Acc:0.00
Iteration:1200	Prior Loss:5.99	Iden Loss:6.44	Attack Acc:0.00
Iteration:1500	Prior Loss:6.12	Iden Loss:3.21	Attack Acc:0.00
Iteration:1800	Prior Loss:5.89	Iden Loss:1.65	Attack Acc:0.00
Iteration:2100	Prior Loss:5.59	Iden Loss:0.94	Attack Acc:0.00
Iteration:2400	Prior Loss:5.70	Iden Loss:0.52	Attack Acc:0.00
Time:271.90
Time:0.20	Seed:0	Acc:0.00	
Time:0.21	Seed:1	Acc:0.00	
Time:0.19	Seed:2	Acc:0.00	
Time:0.19	Seed:3	Acc:0.00	
Time:0.19	Seed:4	Acc:0.00	
Acc:0.00	Acc_5:0.00	Acc_var:0.0000	Acc_var5:0.0000
--------------------- Attack batch [3]------------------------------
Iteration:300	Prior Loss:5.73	Iden Loss:22.19	Attack Acc:0.00
Iteration:600	Prior Loss:5.49	Iden Loss:14.55	Attack Acc:0.00
Iteration:900	Prior Loss:6.04	Iden Loss:9.25	Attack Acc:0.00
Iteration:1200	Prior Loss:6.23	Iden Loss:5.26	Attack Acc:0.00
Iteration:1500	Prior Loss:6.33	Iden Loss:3.19	Attack Acc:0.00
Iteration:1800	Prior Loss:6.37	Iden Loss:1.52	Attack Acc:0.00
Iteration:2100	Prior Loss:5.82	Iden Loss:0.73	Attack Acc:0.00
Iteration:2400	Prior Loss:5.41	Iden Loss:0.40	Attack Acc:0.00
Time:272.31
Time:0.21	Seed:0	Acc:0.02	
Time:0.21	Seed:1	Acc:0.02	
Time:0.20	Seed:2	Acc:0.00	
Time:0.20	Seed:3	Acc:0.00	
Time:0.21	Seed:4	Acc:0.00	
Acc:0.01	Acc_5:0.02	Acc_var:0.0001	Acc_var5:0.0001
--------------------- Attack batch [4]------------------------------
Iteration:300	Prior Loss:6.38	Iden Loss:20.39	Attack Acc:0.02
Iteration:600	Prior Loss:6.61	Iden Loss:14.28	Attack Acc:0.00
Iteration:900	Prior Loss:6.25	Iden Loss:8.97	Attack Acc:0.00
Iteration:1200	Prior Loss:6.07	Iden Loss:4.70	Attack Acc:0.00
Iteration:1500	Prior Loss:5.79	Iden Loss:2.22	Attack Acc:0.00
Iteration:1800	Prior Loss:5.81	Iden Loss:0.96	Attack Acc:0.00
Iteration:2100	Prior Loss:5.67	Iden Loss:0.46	Attack Acc:0.00
Iteration:2400	Prior Loss:5.78	Iden Loss:0.23	Attack Acc:0.00
Time:274.34
Time:0.18	Seed:0	Acc:0.00	
Time:0.20	Seed:1	Acc:0.00	
Time:0.19	Seed:2	Acc:0.00	
Time:0.19	Seed:3	Acc:0.00	
Time:0.19	Seed:4	Acc:0.00	
Acc:0.00	Acc_5:0.00	Acc_var:0.0000	Acc_var5:0.0001
Average Acc:0.00	Average Acc5:0.01	Average Acc_var:0.0000	Average Acc_var5:0.0001
