=> Using improved GAN: True
--------------------- Attack batch [0]------------------------------
Iteration:300	Prior Loss:5.19	Iden Loss:0.95	Attack Acc:0.30
Iteration:600	Prior Loss:4.59	Iden Loss:0.16	Attack Acc:0.45
Iteration:900	Prior Loss:4.29	Iden Loss:0.05	Attack Acc:0.52
Iteration:1200	Prior Loss:3.76	Iden Loss:0.04	Attack Acc:0.43
Iteration:1500	Prior Loss:3.76	Iden Loss:0.03	Attack Acc:0.37
Iteration:1800	Prior Loss:3.34	Iden Loss:0.01	Attack Acc:0.45
Iteration:2100	Prior Loss:3.03	Iden Loss:0.01	Attack Acc:0.45
Iteration:2400	Prior Loss:2.83	Iden Loss:0.01	Attack Acc:0.45
Time:279.70
Time:0.84	Seed:0	Acc:0.65	
Time:0.79	Seed:1	Acc:0.58	
Time:0.86	Seed:2	Acc:0.67	
Time:0.75	Seed:3	Acc:0.57	
Time:0.75	Seed:4	Acc:0.55	
Acc:0.60	Acc_5:0.86	Acc_var:0.0027	Acc_var5:0.0019
--------------------- Attack batch [1]------------------------------
Iteration:300	Prior Loss:5.04	Iden Loss:0.97	Attack Acc:0.22
Iteration:600	Prior Loss:4.59	Iden Loss:0.25	Attack Acc:0.38
Iteration:900	Prior Loss:4.71	Iden Loss:0.05	Attack Acc:0.50
Iteration:1200	Prior Loss:4.20	Iden Loss:0.11	Attack Acc:0.48
Iteration:1500	Prior Loss:3.91	Iden Loss:0.02	Attack Acc:0.53
Iteration:1800	Prior Loss:3.70	Iden Loss:0.01	Attack Acc:0.50
Iteration:2100	Prior Loss:3.29	Iden Loss:0.01	Attack Acc:0.58
Iteration:2400	Prior Loss:2.74	Iden Loss:0.01	Attack Acc:0.57
Time:272.31
Time:0.80	Seed:0	Acc:0.62	
Time:0.77	Seed:1	Acc:0.60	
Time:0.81	Seed:2	Acc:0.63	
Time:0.83	Seed:3	Acc:0.65	
Time:0.85	Seed:4	Acc:0.67	
Acc:0.63	Acc_5:0.88	Acc_var:0.0007	Acc_var5:0.0022
--------------------- Attack batch [2]------------------------------
Iteration:300	Prior Loss:4.85	Iden Loss:1.23	Attack Acc:0.30
Iteration:600	Prior Loss:4.72	Iden Loss:0.23	Attack Acc:0.37
Iteration:900	Prior Loss:4.42	Iden Loss:0.09	Attack Acc:0.35
Iteration:1200	Prior Loss:4.42	Iden Loss:0.03	Attack Acc:0.45
Iteration:1500	Prior Loss:3.95	Iden Loss:0.02	Attack Acc:0.48
Iteration:1800	Prior Loss:3.86	Iden Loss:0.01	Attack Acc:0.50
Iteration:2100	Prior Loss:3.35	Iden Loss:0.02	Attack Acc:0.45
Iteration:2400	Prior Loss:2.96	Iden Loss:0.03	Attack Acc:0.50
Time:273.14
Time:0.84	Seed:0	Acc:0.60	
Time:0.80	Seed:1	Acc:0.60	
Time:0.81	Seed:2	Acc:0.62	
Time:0.79	Seed:3	Acc:0.60	
Time:0.76	Seed:4	Acc:0.57	
Acc:0.60	Acc_5:0.83	Acc_var:0.0003	Acc_var5:0.0006
--------------------- Attack batch [3]------------------------------
Iteration:300	Prior Loss:5.05	Iden Loss:1.14	Attack Acc:0.27
Iteration:600	Prior Loss:4.47	Iden Loss:0.30	Attack Acc:0.32
Iteration:900	Prior Loss:4.10	Iden Loss:0.08	Attack Acc:0.42
Iteration:1200	Prior Loss:4.01	Iden Loss:0.03	Attack Acc:0.42
Iteration:1500	Prior Loss:4.03	Iden Loss:0.02	Attack Acc:0.38
Iteration:1800	Prior Loss:3.54	Iden Loss:0.01	Attack Acc:0.47
Iteration:2100	Prior Loss:3.21	Iden Loss:0.01	Attack Acc:0.47
Iteration:2400	Prior Loss:2.74	Iden Loss:0.01	Attack Acc:0.43
Time:270.82
Time:0.79	Seed:0	Acc:0.63	
Time:0.85	Seed:1	Acc:0.65	
Time:0.82	Seed:2	Acc:0.62	
Time:0.70	Seed:3	Acc:0.50	
Time:0.80	Seed:4	Acc:0.62	
Acc:0.60	Acc_5:0.87	Acc_var:0.0035	Acc_var5:0.0008
--------------------- Attack batch [4]------------------------------
Iteration:300	Prior Loss:4.94	Iden Loss:1.07	Attack Acc:0.30
Iteration:600	Prior Loss:4.70	Iden Loss:0.20	Attack Acc:0.42
Iteration:900	Prior Loss:4.54	Iden Loss:0.04	Attack Acc:0.55
Iteration:1200	Prior Loss:4.18	Iden Loss:0.06	Attack Acc:0.53
Iteration:1500	Prior Loss:4.11	Iden Loss:0.02	Attack Acc:0.58
Iteration:1800	Prior Loss:3.67	Iden Loss:0.01	Attack Acc:0.67
Iteration:2100	Prior Loss:3.23	Iden Loss:0.01	Attack Acc:0.63
Iteration:2400	Prior Loss:3.27	Iden Loss:0.01	Attack Acc:0.63
Time:266.38
Time:0.84	Seed:0	Acc:0.65	
Time:0.92	Seed:1	Acc:0.68	
Time:0.84	Seed:2	Acc:0.63	
Time:0.97	Seed:3	Acc:0.70	
Time:0.84	Seed:4	Acc:0.65	
Acc:0.66	Acc_5:0.89	Acc_var:0.0007	Acc_var5:0.0014
Average Acc:0.62	Average Acc5:0.86	Average Acc_var:0.0016	Average Acc_var5:0.0014
